2017-01-22 15:19:49,164 [1] U.Logging.ULog4netLogger - (null) - Loading UPrimes...
2017-01-22 15:19:49,554 [1] U.Logging.ULog4netLogger - (null) - Found 21 UPrimes in total.
2017-01-22 15:19:49,559 [1] U.Logging.ULog4netLogger - (null) - Loaded UPrime: UZeroConsole.Dapper.UZeroConsoleDapperUPrime, UZeroConsole.Dapper, Version=1.0.0.0, Culture=neutral, PublicKeyToken=null
2017-01-22 15:19:49,560 [1] U.Logging.ULog4netLogger - (null) - Loaded UPrime: U.AutoMapper.UAutoMapperUPrime, U.AutoMapper, Version=0.4.2.0, Culture=neutral, PublicKeyToken=null
2017-01-22 15:19:49,560 [1] U.Logging.ULog4netLogger - (null) - Loaded UPrime: U.Dapper.UDapperUPrime, U.Dapper, Version=0.4.2.0, Culture=neutral, PublicKeyToken=null
2017-01-22 15:19:49,561 [1] U.Logging.ULog4netLogger - (null) - Loaded UPrime: U.Hangfire.UHangfireUPrime, U.HangFire, Version=0.4.2.0, Culture=neutral, PublicKeyToken=null
2017-01-22 15:19:49,561 [1] U.Logging.ULog4netLogger - (null) - Loaded UPrime: UFilm.EntityFramework.UFilmEntityFrameworkUPrime, UFilm.EntityFramework, Version=1.0.0.0, Culture=neutral, PublicKeyToken=null
2017-01-22 15:19:49,562 [1] U.Logging.ULog4netLogger - (null) - Loaded UPrime: U.ULeadershipUPrime, U, Version=0.4.2.0, Culture=neutral, PublicKeyToken=null
2017-01-22 15:19:49,562 [1] U.Logging.ULog4netLogger - (null) - Loaded UPrime: U.EntityFramework.UEntityFrameworkUPrime, U.EntityFramework, Version=0.4.2.0, Culture=neutral, PublicKeyToken=null
2017-01-22 15:19:49,563 [1] U.Logging.ULog4netLogger - (null) - Loaded UPrime: UZeroLog.Dapper.UZeroLogDapperUPrime, UZeroLog.Dapper, Version=1.0.0.0, Culture=neutral, PublicKeyToken=null
2017-01-22 15:19:49,563 [1] U.Logging.ULog4netLogger - (null) - Loaded UPrime: UFilm.Console.UFilmConsoleUPrime, UFilm.Console, Version=1.0.1.0, Culture=neutral, PublicKeyToken=null
2017-01-22 15:19:49,564 [1] U.Logging.ULog4netLogger - (null) - Loaded UPrime: UZeroLog.UZeroLogUPrime, UZeroLog, Version=1.0.0.0, Culture=neutral, PublicKeyToken=null
2017-01-22 15:19:49,564 [1] U.Logging.ULog4netLogger - (null) - Loaded UPrime: UFilm.UFilmCoreUPrime, UFilm.Core, Version=1.0.0.0, Culture=neutral, PublicKeyToken=null
2017-01-22 15:19:49,565 [1] U.Logging.ULog4netLogger - (null) - Loaded UPrime: UFilm.Web.UFilmWebUPrime, UFilm.Web.Framework, Version=1.0.0.0, Culture=neutral, PublicKeyToken=null
2017-01-22 15:19:49,565 [1] U.Logging.ULog4netLogger - (null) - Loaded UPrime: U.FakeMvc.UFakeMvcUPrime, U.FakeMvc, Version=0.4.2.0, Culture=neutral, PublicKeyToken=null
2017-01-22 15:19:49,566 [1] U.Logging.ULog4netLogger - (null) - Loaded UPrime: UZeroMedia.UZeroMediaUPrime, UZeroMedia, Version=1.0.0.0, Culture=neutral, PublicKeyToken=null
2017-01-22 15:19:49,566 [1] U.Logging.ULog4netLogger - (null) - Loaded UPrime: U.WebApi.UWebApiUPrime, U.Web.Api, Version=0.4.2.0, Culture=neutral, PublicKeyToken=null
2017-01-22 15:19:49,567 [1] U.Logging.ULog4netLogger - (null) - Loaded UPrime: UFilm.Configuration.UFilmConfigurationUPrime, UFilm.Configuration, Version=1.0.0.0, Culture=neutral, PublicKeyToken=null
2017-01-22 15:19:49,567 [1] U.Logging.ULog4netLogger - (null) - Loaded UPrime: UFilm.Services.UFilmServicesUPrime, UFilm.Services, Version=1.0.0.0, Culture=neutral, PublicKeyToken=null
2017-01-22 15:19:49,567 [1] U.Logging.ULog4netLogger - (null) - Loaded UPrime: UZeroConsole.UZeroConsoleUPrime, UZeroConsole, Version=1.0.0.0, Culture=neutral, PublicKeyToken=null
2017-01-22 15:19:49,568 [1] U.Logging.ULog4netLogger - (null) - Loaded UPrime: U.Web.UWebUPrime, U.Web, Version=0.4.2.0, Culture=neutral, PublicKeyToken=null
2017-01-22 15:19:49,569 [1] U.Logging.ULog4netLogger - (null) - Loaded UPrime: UZeroMedia.Client.UZeroMediaClientUPrime, UZeroMedia.Client, Version=1.0.0.0, Culture=neutral, PublicKeyToken=null
2017-01-22 15:19:49,570 [1] U.Logging.ULog4netLogger - (null) - Loaded UPrime: UZeroConsole.Web.UZeroConsoleWebUPrime, UZeroConsole.Web, Version=1.0.0.0, Culture=neutral, PublicKeyToken=null
2017-01-22 15:19:49,575 [1] U.Logging.ULog4netLogger - (null) - 21 UPrime loaded.
2017-01-22 15:19:49,855 [1] Hangfire.SqlServer.SqlServerStorage - (null) - Start installing Hangfire SQL objects...
2017-01-22 15:19:50,033 [1] Hangfire.SqlServer.SqlServerStorage - (null) - Hangfire SQL objects installed.
2017-01-22 15:19:50,283 [1] U.Logging.ULog4netLogger - (null) - Start background worker£ºU.Hangfire.HangfireBackgroundJobManager
2017-01-22 15:19:50,290 [1] Hangfire.BackgroundJobServer - (null) - Starting Hangfire Server
2017-01-22 15:19:50,292 [1] Hangfire.BackgroundJobServer - (null) - Using job storage: 'SQL Server: 120.132.57.7,1444@MBJ'.
2017-01-22 15:19:50,292 [1] Hangfire.BackgroundJobServer - (null) - Using the following options for SQL Server job storage:
2017-01-22 15:19:50,293 [1] Hangfire.BackgroundJobServer - (null) -     Queue poll interval: 00:00:15.
2017-01-22 15:19:50,293 [1] Hangfire.BackgroundJobServer - (null) - Using the following options for Hangfire Server:
2017-01-22 15:19:50,293 [1] Hangfire.BackgroundJobServer - (null) -     Worker count: 40.
2017-01-22 15:19:50,293 [1] Hangfire.BackgroundJobServer - (null) -     Listening queues: 'default'.
2017-01-22 15:19:50,294 [1] Hangfire.BackgroundJobServer - (null) -     Shutdown timeout: 00:00:15.
2017-01-22 15:19:50,294 [1] Hangfire.BackgroundJobServer - (null) -     Schedule polling interval: 00:00:15.
2017-01-22 15:19:50,300 [BackgroundProcessingServer] Hangfire.Server.BackgroundProcessingServer - (null) - Background process 'BackgroundProcessingServer' started.
2017-01-22 15:19:50,374 [ServerHeartbeat] Hangfire.Server.ServerHeartbeat - (null) - Background process 'ServerHeartbeat' started.
2017-01-22 15:19:50,374 [ServerWatchdog] Hangfire.Server.ServerWatchdog - (null) - Background process 'ServerWatchdog' started.
2017-01-22 15:19:50,376 [Hangfire.SqlServer.ExpirationManager] Hangfire.SqlServer.ExpirationManager - (null) - Background process 'Hangfire.SqlServer.ExpirationManager' started.
2017-01-22 15:19:50,377 [Hangfire.SqlServer.ExpirationManager] Hangfire.SqlServer.ExpirationManager - (null) - Removing outdated records from table 'AggregatedCounter'...
2017-01-22 15:19:50,377 [Hangfire.SqlServer.CountersAggregator] Hangfire.SqlServer.CountersAggregator - (null) - Background process 'Hangfire.SqlServer.CountersAggregator' started.
2017-01-22 15:19:50,379 [Hangfire.SqlServer.CountersAggregator] Hangfire.SqlServer.CountersAggregator - (null) - Aggregating records in 'Counter' table...
2017-01-22 15:19:50,380 [Worker #c650d6de] Hangfire.Server.Worker - (null) - Background process 'Worker #c650d6de' started.
2017-01-22 15:19:50,381 [Worker #8e7bef92] Hangfire.Server.Worker - (null) - Background process 'Worker #8e7bef92' started.
2017-01-22 15:19:50,385 [Worker #a7b87623] Hangfire.Server.Worker - (null) - Background process 'Worker #a7b87623' started.
2017-01-22 15:19:50,385 [Worker #5a2832fb] Hangfire.Server.Worker - (null) - Background process 'Worker #5a2832fb' started.
2017-01-22 15:19:50,386 [Worker #82a2b36e] Hangfire.Server.Worker - (null) - Background process 'Worker #82a2b36e' started.
2017-01-22 15:19:50,386 [Worker #c2714a8f] Hangfire.Server.Worker - (null) - Background process 'Worker #c2714a8f' started.
2017-01-22 15:19:50,387 [Worker #6cb235cd] Hangfire.Server.Worker - (null) - Background process 'Worker #6cb235cd' started.
2017-01-22 15:19:50,387 [Worker #51488bdf] Hangfire.Server.Worker - (null) - Background process 'Worker #51488bdf' started.
2017-01-22 15:19:50,387 [Worker #5792eb82] Hangfire.Server.Worker - (null) - Background process 'Worker #5792eb82' started.
2017-01-22 15:19:50,388 [Worker #1be0d601] Hangfire.Server.Worker - (null) - Background process 'Worker #1be0d601' started.
2017-01-22 15:19:50,388 [Worker #3dccc615] Hangfire.Server.Worker - (null) - Background process 'Worker #3dccc615' started.
2017-01-22 15:19:50,389 [Worker #528e0bfd] Hangfire.Server.Worker - (null) - Background process 'Worker #528e0bfd' started.
2017-01-22 15:19:50,389 [Worker #bb434028] Hangfire.Server.Worker - (null) - Background process 'Worker #bb434028' started.
2017-01-22 15:19:50,389 [Worker #48c26c47] Hangfire.Server.Worker - (null) - Background process 'Worker #48c26c47' started.
2017-01-22 15:19:50,390 [Worker #e2364834] Hangfire.Server.Worker - (null) - Background process 'Worker #e2364834' started.
2017-01-22 15:19:50,390 [Worker #3aefc662] Hangfire.Server.Worker - (null) - Background process 'Worker #3aefc662' started.
2017-01-22 15:19:50,391 [Worker #e9e4aef2] Hangfire.Server.Worker - (null) - Background process 'Worker #e9e4aef2' started.
2017-01-22 15:19:50,391 [Worker #aa1d605b] Hangfire.Server.Worker - (null) - Background process 'Worker #aa1d605b' started.
2017-01-22 15:19:50,392 [Worker #0317ddd6] Hangfire.Server.Worker - (null) - Background process 'Worker #0317ddd6' started.
2017-01-22 15:19:50,392 [Worker #5300e39c] Hangfire.Server.Worker - (null) - Background process 'Worker #5300e39c' started.
2017-01-22 15:19:50,393 [Worker #eded683e] Hangfire.Server.Worker - (null) - Background process 'Worker #eded683e' started.
2017-01-22 15:19:50,393 [Worker #a3cca4ad] Hangfire.Server.Worker - (null) - Background process 'Worker #a3cca4ad' started.
2017-01-22 15:19:50,395 [Worker #72d9675f] Hangfire.Server.Worker - (null) - Background process 'Worker #72d9675f' started.
2017-01-22 15:19:50,396 [Worker #931f5408] Hangfire.Server.Worker - (null) - Background process 'Worker #931f5408' started.
2017-01-22 15:19:50,397 [Worker #2bf54ac1] Hangfire.Server.Worker - (null) - Background process 'Worker #2bf54ac1' started.
2017-01-22 15:19:50,397 [Worker #36d4776a] Hangfire.Server.Worker - (null) - Background process 'Worker #36d4776a' started.
2017-01-22 15:19:50,398 [Worker #07c09997] Hangfire.Server.Worker - (null) - Background process 'Worker #07c09997' started.
2017-01-22 15:19:50,398 [Worker #31674cd4] Hangfire.Server.Worker - (null) - Background process 'Worker #31674cd4' started.
2017-01-22 15:19:50,399 [Worker #66ae4e3b] Hangfire.Server.Worker - (null) - Background process 'Worker #66ae4e3b' started.
2017-01-22 15:19:50,399 [Worker #e1cb119d] Hangfire.Server.Worker - (null) - Background process 'Worker #e1cb119d' started.
2017-01-22 15:19:50,400 [Worker #7468d9a6] Hangfire.Server.Worker - (null) - Background process 'Worker #7468d9a6' started.
2017-01-22 15:19:50,400 [Worker #b31ee040] Hangfire.Server.Worker - (null) - Background process 'Worker #b31ee040' started.
2017-01-22 15:19:50,401 [Worker #473d292d] Hangfire.Server.Worker - (null) - Background process 'Worker #473d292d' started.
2017-01-22 15:19:50,401 [Worker #7d8b6c80] Hangfire.Server.Worker - (null) - Background process 'Worker #7d8b6c80' started.
2017-01-22 15:19:50,402 [Worker #6931adf5] Hangfire.Server.Worker - (null) - Background process 'Worker #6931adf5' started.
2017-01-22 15:19:50,402 [Worker #7a193a2e] Hangfire.Server.Worker - (null) - Background process 'Worker #7a193a2e' started.
2017-01-22 15:19:50,402 [Worker #5420881e] Hangfire.Server.Worker - (null) - Background process 'Worker #5420881e' started.
2017-01-22 15:19:50,403 [Worker #19262915] Hangfire.Server.Worker - (null) - Background process 'Worker #19262915' started.
2017-01-22 15:19:50,403 [Worker #97378923] Hangfire.Server.Worker - (null) - Background process 'Worker #97378923' started.
2017-01-22 15:19:50,404 [Worker #6c4cd64c] Hangfire.Server.Worker - (null) - Background process 'Worker #6c4cd64c' started.
2017-01-22 15:19:50,404 [DelayedJobScheduler] Hangfire.Server.DelayedJobScheduler - (null) - Background process 'DelayedJobScheduler' started.
2017-01-22 15:19:50,405 [RecurringJobScheduler] Hangfire.Server.RecurringJobScheduler - (null) - Background process 'RecurringJobScheduler' started.
2017-01-22 15:19:50,518 [Hangfire.SqlServer.ExpirationManager] Hangfire.SqlServer.ExpirationManager - (null) - Removed 18 outdated record(s) from 'AggregatedCounter' table.
2017-01-22 15:19:50,553 [1] U.Logging.ULog4netLogger - (null) - Found 0 classes defines auto mapping attributes
2017-01-22 15:19:50,554 [1] U.Logging.ULog4netLogger - (null) - (^_^)(^_^)(^_^) UStarter startup completed.
2017-01-22 15:19:51,612 [Hangfire.SqlServer.ExpirationManager] Hangfire.SqlServer.ExpirationManager - (null) - Removing outdated records from table 'Job'...
2017-01-22 15:19:51,740 [Hangfire.SqlServer.ExpirationManager] Hangfire.SqlServer.ExpirationManager - (null) - Removed 154 outdated record(s) from 'Job' table.
2017-01-22 15:19:52,841 [Hangfire.SqlServer.ExpirationManager] Hangfire.SqlServer.ExpirationManager - (null) - Removing outdated records from table 'List'...
2017-01-22 15:19:52,938 [Hangfire.SqlServer.ExpirationManager] Hangfire.SqlServer.ExpirationManager - (null) - Removing outdated records from table 'Set'...
2017-01-22 15:19:53,031 [Hangfire.SqlServer.ExpirationManager] Hangfire.SqlServer.ExpirationManager - (null) - Removing outdated records from table 'Hash'...
2017-01-22 15:20:39,745 [1] U.Logging.ULog4netLogger - (null) - Loading UPrimes...
2017-01-22 15:20:40,146 [1] U.Logging.ULog4netLogger - (null) - Found 21 UPrimes in total.
2017-01-22 15:20:40,152 [1] U.Logging.ULog4netLogger - (null) - Loaded UPrime: UZeroConsole.Dapper.UZeroConsoleDapperUPrime, UZeroConsole.Dapper, Version=1.0.0.0, Culture=neutral, PublicKeyToken=null
2017-01-22 15:20:40,153 [1] U.Logging.ULog4netLogger - (null) - Loaded UPrime: UFilm.Web.UFilmWebUPrime, UFilm.Web.Framework, Version=1.0.0.0, Culture=neutral, PublicKeyToken=null
2017-01-22 15:20:40,153 [1] U.Logging.ULog4netLogger - (null) - Loaded UPrime: UFilm.Console.UFilmConsoleUPrime, UFilm.Console, Version=1.0.1.0, Culture=neutral, PublicKeyToken=null
2017-01-22 15:20:40,154 [1] U.Logging.ULog4netLogger - (null) - Loaded UPrime: U.ULeadershipUPrime, U, Version=0.4.2.0, Culture=neutral, PublicKeyToken=null
2017-01-22 15:20:40,154 [1] U.Logging.ULog4netLogger - (null) - Loaded UPrime: U.EntityFramework.UEntityFrameworkUPrime, U.EntityFramework, Version=0.4.2.0, Culture=neutral, PublicKeyToken=null
2017-01-22 15:20:40,155 [1] U.Logging.ULog4netLogger - (null) - Loaded UPrime: UZeroLog.Dapper.UZeroLogDapperUPrime, UZeroLog.Dapper, Version=1.0.0.0, Culture=neutral, PublicKeyToken=null
2017-01-22 15:20:40,155 [1] U.Logging.ULog4netLogger - (null) - Loaded UPrime: UZeroConsole.Web.UZeroConsoleWebUPrime, UZeroConsole.Web, Version=1.0.0.0, Culture=neutral, PublicKeyToken=null
2017-01-22 15:20:40,155 [1] U.Logging.ULog4netLogger - (null) - Loaded UPrime: UZeroMedia.Client.UZeroMediaClientUPrime, UZeroMedia.Client, Version=1.0.0.0, Culture=neutral, PublicKeyToken=null
2017-01-22 15:20:40,156 [1] U.Logging.ULog4netLogger - (null) - Loaded UPrime: UZeroConsole.UZeroConsoleUPrime, UZeroConsole, Version=1.0.0.0, Culture=neutral, PublicKeyToken=null
2017-01-22 15:20:40,156 [1] U.Logging.ULog4netLogger - (null) - Loaded UPrime: UFilm.Configuration.UFilmConfigurationUPrime, UFilm.Configuration, Version=1.0.0.0, Culture=neutral, PublicKeyToken=null
2017-01-22 15:20:40,157 [1] U.Logging.ULog4netLogger - (null) - Loaded UPrime: UZeroMedia.UZeroMediaUPrime, UZeroMedia, Version=1.0.0.0, Culture=neutral, PublicKeyToken=null
2017-01-22 15:20:40,157 [1] U.Logging.ULog4netLogger - (null) - Loaded UPrime: U.Hangfire.UHangfireUPrime, U.HangFire, Version=0.4.2.0, Culture=neutral, PublicKeyToken=null
2017-01-22 15:20:40,158 [1] U.Logging.ULog4netLogger - (null) - Loaded UPrime: UFilm.UFilmCoreUPrime, UFilm.Core, Version=1.0.0.0, Culture=neutral, PublicKeyToken=null
2017-01-22 15:20:40,158 [1] U.Logging.ULog4netLogger - (null) - Loaded UPrime: U.WebApi.UWebApiUPrime, U.Web.Api, Version=0.4.2.0, Culture=neutral, PublicKeyToken=null
2017-01-22 15:20:40,159 [1] U.Logging.ULog4netLogger - (null) - Loaded UPrime: U.Web.UWebUPrime, U.Web, Version=0.4.2.0, Culture=neutral, PublicKeyToken=null
2017-01-22 15:20:40,159 [1] U.Logging.ULog4netLogger - (null) - Loaded UPrime: UFilm.Services.UFilmServicesUPrime, UFilm.Services, Version=1.0.0.0, Culture=neutral, PublicKeyToken=null
2017-01-22 15:20:40,160 [1] U.Logging.ULog4netLogger - (null) - Loaded UPrime: U.FakeMvc.UFakeMvcUPrime, U.FakeMvc, Version=0.4.2.0, Culture=neutral, PublicKeyToken=null
2017-01-22 15:20:40,160 [1] U.Logging.ULog4netLogger - (null) - Loaded UPrime: U.Dapper.UDapperUPrime, U.Dapper, Version=0.4.2.0, Culture=neutral, PublicKeyToken=null
2017-01-22 15:20:40,161 [1] U.Logging.ULog4netLogger - (null) - Loaded UPrime: UFilm.EntityFramework.UFilmEntityFrameworkUPrime, UFilm.EntityFramework, Version=1.0.0.0, Culture=neutral, PublicKeyToken=null
2017-01-22 15:20:40,161 [1] U.Logging.ULog4netLogger - (null) - Loaded UPrime: U.AutoMapper.UAutoMapperUPrime, U.AutoMapper, Version=0.4.2.0, Culture=neutral, PublicKeyToken=null
2017-01-22 15:20:40,162 [1] U.Logging.ULog4netLogger - (null) - Loaded UPrime: UZeroLog.UZeroLogUPrime, UZeroLog, Version=1.0.0.0, Culture=neutral, PublicKeyToken=null
2017-01-22 15:20:40,166 [1] U.Logging.ULog4netLogger - (null) - 21 UPrime loaded.
2017-01-22 15:20:40,406 [1] Hangfire.SqlServer.SqlServerStorage - (null) - Start installing Hangfire SQL objects...
2017-01-22 15:20:40,570 [1] Hangfire.SqlServer.SqlServerStorage - (null) - Hangfire SQL objects installed.
2017-01-22 15:20:40,747 [1] U.Logging.ULog4netLogger - (null) - Start background worker£ºU.Hangfire.HangfireBackgroundJobManager
2017-01-22 15:20:40,755 [1] Hangfire.BackgroundJobServer - (null) - Starting Hangfire Server
2017-01-22 15:20:40,757 [1] Hangfire.BackgroundJobServer - (null) - Using job storage: 'SQL Server: 120.132.57.7,1444@MBJ'.
2017-01-22 15:20:40,757 [1] Hangfire.BackgroundJobServer - (null) - Using the following options for SQL Server job storage:
2017-01-22 15:20:40,758 [1] Hangfire.BackgroundJobServer - (null) -     Queue poll interval: 00:00:15.
2017-01-22 15:20:40,758 [1] Hangfire.BackgroundJobServer - (null) - Using the following options for Hangfire Server:
2017-01-22 15:20:40,758 [1] Hangfire.BackgroundJobServer - (null) -     Worker count: 40.
2017-01-22 15:20:40,758 [1] Hangfire.BackgroundJobServer - (null) -     Listening queues: 'default'.
2017-01-22 15:20:40,759 [1] Hangfire.BackgroundJobServer - (null) -     Shutdown timeout: 00:00:15.
2017-01-22 15:20:40,759 [1] Hangfire.BackgroundJobServer - (null) -     Schedule polling interval: 00:00:15.
2017-01-22 15:20:40,765 [BackgroundProcessingServer] Hangfire.Server.BackgroundProcessingServer - (null) - Background process 'BackgroundProcessingServer' started.
2017-01-22 15:20:40,837 [ServerHeartbeat] Hangfire.Server.ServerHeartbeat - (null) - Background process 'ServerHeartbeat' started.
2017-01-22 15:20:40,837 [ServerWatchdog] Hangfire.Server.ServerWatchdog - (null) - Background process 'ServerWatchdog' started.
2017-01-22 15:20:40,838 [Hangfire.SqlServer.ExpirationManager] Hangfire.SqlServer.ExpirationManager - (null) - Background process 'Hangfire.SqlServer.ExpirationManager' started.
2017-01-22 15:20:40,839 [Hangfire.SqlServer.CountersAggregator] Hangfire.SqlServer.CountersAggregator - (null) - Background process 'Hangfire.SqlServer.CountersAggregator' started.
2017-01-22 15:20:40,839 [Hangfire.SqlServer.ExpirationManager] Hangfire.SqlServer.ExpirationManager - (null) - Removing outdated records from table 'AggregatedCounter'...
2017-01-22 15:20:40,840 [Hangfire.SqlServer.CountersAggregator] Hangfire.SqlServer.CountersAggregator - (null) - Aggregating records in 'Counter' table...
2017-01-22 15:20:40,840 [Worker #94b5a3fb] Hangfire.Server.Worker - (null) - Background process 'Worker #94b5a3fb' started.
2017-01-22 15:20:40,841 [Worker #9cfb07ec] Hangfire.Server.Worker - (null) - Background process 'Worker #9cfb07ec' started.
2017-01-22 15:20:40,843 [Worker #e635f215] Hangfire.Server.Worker - (null) - Background process 'Worker #e635f215' started.
2017-01-22 15:20:40,843 [Worker #74342fe0] Hangfire.Server.Worker - (null) - Background process 'Worker #74342fe0' started.
2017-01-22 15:20:40,844 [Worker #e19aacde] Hangfire.Server.Worker - (null) - Background process 'Worker #e19aacde' started.
2017-01-22 15:20:40,845 [Worker #db00b662] Hangfire.Server.Worker - (null) - Background process 'Worker #db00b662' started.
2017-01-22 15:20:40,846 [Worker #93004190] Hangfire.Server.Worker - (null) - Background process 'Worker #93004190' started.
2017-01-22 15:20:40,847 [Worker #c68b377b] Hangfire.Server.Worker - (null) - Background process 'Worker #c68b377b' started.
2017-01-22 15:20:40,847 [Worker #be040be9] Hangfire.Server.Worker - (null) - Background process 'Worker #be040be9' started.
2017-01-22 15:20:40,848 [Worker #ae8313b1] Hangfire.Server.Worker - (null) - Background process 'Worker #ae8313b1' started.
2017-01-22 15:20:40,848 [Worker #165e12b1] Hangfire.Server.Worker - (null) - Background process 'Worker #165e12b1' started.
2017-01-22 15:20:40,849 [Worker #4b9c1920] Hangfire.Server.Worker - (null) - Background process 'Worker #4b9c1920' started.
2017-01-22 15:20:40,849 [Worker #e4d8c323] Hangfire.Server.Worker - (null) - Background process 'Worker #e4d8c323' started.
2017-01-22 15:20:40,850 [Worker #2deaad6c] Hangfire.Server.Worker - (null) - Background process 'Worker #2deaad6c' started.
2017-01-22 15:20:40,850 [Worker #60c5536c] Hangfire.Server.Worker - (null) - Background process 'Worker #60c5536c' started.
2017-01-22 15:20:40,851 [Worker #a809777f] Hangfire.Server.Worker - (null) - Background process 'Worker #a809777f' started.
2017-01-22 15:20:40,851 [Worker #af93fa8c] Hangfire.Server.Worker - (null) - Background process 'Worker #af93fa8c' started.
2017-01-22 15:20:40,852 [Worker #b404ed43] Hangfire.Server.Worker - (null) - Background process 'Worker #b404ed43' started.
2017-01-22 15:20:40,853 [Worker #9c18de8e] Hangfire.Server.Worker - (null) - Background process 'Worker #9c18de8e' started.
2017-01-22 15:20:40,853 [Worker #6486a81f] Hangfire.Server.Worker - (null) - Background process 'Worker #6486a81f' started.
2017-01-22 15:20:40,853 [Worker #230bcb88] Hangfire.Server.Worker - (null) - Background process 'Worker #230bcb88' started.
2017-01-22 15:20:40,854 [Worker #613ff531] Hangfire.Server.Worker - (null) - Background process 'Worker #613ff531' started.
2017-01-22 15:20:40,854 [Worker #35320b0b] Hangfire.Server.Worker - (null) - Background process 'Worker #35320b0b' started.
2017-01-22 15:20:40,855 [Worker #dcee48c5] Hangfire.Server.Worker - (null) - Background process 'Worker #dcee48c5' started.
2017-01-22 15:20:40,855 [Worker #d41c2e86] Hangfire.Server.Worker - (null) - Background process 'Worker #d41c2e86' started.
2017-01-22 15:20:40,856 [Worker #6426f97e] Hangfire.Server.Worker - (null) - Background process 'Worker #6426f97e' started.
2017-01-22 15:20:40,857 [Worker #2e1dd3dd] Hangfire.Server.Worker - (null) - Background process 'Worker #2e1dd3dd' started.
2017-01-22 15:20:40,857 [Worker #f5db5296] Hangfire.Server.Worker - (null) - Background process 'Worker #f5db5296' started.
2017-01-22 15:20:40,858 [Worker #72159492] Hangfire.Server.Worker - (null) - Background process 'Worker #72159492' started.
2017-01-22 15:20:40,858 [Worker #50cf3d7d] Hangfire.Server.Worker - (null) - Background process 'Worker #50cf3d7d' started.
2017-01-22 15:20:40,859 [Worker #98615cd0] Hangfire.Server.Worker - (null) - Background process 'Worker #98615cd0' started.
2017-01-22 15:20:40,859 [Worker #c0a3ce56] Hangfire.Server.Worker - (null) - Background process 'Worker #c0a3ce56' started.
2017-01-22 15:20:40,859 [Worker #b3be1db3] Hangfire.Server.Worker - (null) - Background process 'Worker #b3be1db3' started.
2017-01-22 15:20:40,860 [Worker #02b74c61] Hangfire.Server.Worker - (null) - Background process 'Worker #02b74c61' started.
2017-01-22 15:20:40,863 [Worker #e0a1df92] Hangfire.Server.Worker - (null) - Background process 'Worker #e0a1df92' started.
2017-01-22 15:20:40,863 [Worker #b4b380e7] Hangfire.Server.Worker - (null) - Background process 'Worker #b4b380e7' started.
2017-01-22 15:20:40,864 [Worker #cf06a3ba] Hangfire.Server.Worker - (null) - Background process 'Worker #cf06a3ba' started.
2017-01-22 15:20:40,864 [Worker #b3cf9ae0] Hangfire.Server.Worker - (null) - Background process 'Worker #b3cf9ae0' started.
2017-01-22 15:20:40,865 [Worker #7eb89b51] Hangfire.Server.Worker - (null) - Background process 'Worker #7eb89b51' started.
2017-01-22 15:20:40,865 [Worker #cef7398b] Hangfire.Server.Worker - (null) - Background process 'Worker #cef7398b' started.
2017-01-22 15:20:40,866 [DelayedJobScheduler] Hangfire.Server.DelayedJobScheduler - (null) - Background process 'DelayedJobScheduler' started.
2017-01-22 15:20:40,866 [RecurringJobScheduler] Hangfire.Server.RecurringJobScheduler - (null) - Background process 'RecurringJobScheduler' started.
2017-01-22 15:20:40,970 [Hangfire.SqlServer.ExpirationManager] Hangfire.SqlServer.ExpirationManager - (null) - Removing outdated records from table 'Job'...
2017-01-22 15:20:41,070 [1] U.Logging.ULog4netLogger - (null) - Found 0 classes defines auto mapping attributes
2017-01-22 15:20:41,070 [1] U.Logging.ULog4netLogger - (null) - (^_^)(^_^)(^_^) UStarter startup completed.
2017-01-22 15:20:41,952 [Hangfire.SqlServer.ExpirationManager] Hangfire.SqlServer.ExpirationManager - (null) - Removing outdated records from table 'List'...
2017-01-22 15:20:42,046 [Hangfire.SqlServer.ExpirationManager] Hangfire.SqlServer.ExpirationManager - (null) - Removing outdated records from table 'Set'...
2017-01-22 15:20:42,141 [Hangfire.SqlServer.ExpirationManager] Hangfire.SqlServer.ExpirationManager - (null) - Removing outdated records from table 'Hash'...
2017-01-22 15:25:41,126 [Hangfire.SqlServer.CountersAggregator] Hangfire.SqlServer.CountersAggregator - (null) - Aggregating records in 'Counter' table...
2017-01-22 15:30:41,161 [Hangfire.SqlServer.CountersAggregator] Hangfire.SqlServer.CountersAggregator - (null) - Aggregating records in 'Counter' table...
2017-01-22 15:35:41,411 [Hangfire.SqlServer.CountersAggregator] Hangfire.SqlServer.CountersAggregator - (null) - Aggregating records in 'Counter' table...
2017-01-22 15:40:41,447 [Hangfire.SqlServer.CountersAggregator] Hangfire.SqlServer.CountersAggregator - (null) - Aggregating records in 'Counter' table...
2017-01-22 15:45:41,580 [Hangfire.SqlServer.CountersAggregator] Hangfire.SqlServer.CountersAggregator - (null) - Aggregating records in 'Counter' table...
2017-01-22 15:50:41,615 [Hangfire.SqlServer.CountersAggregator] Hangfire.SqlServer.CountersAggregator - (null) - Aggregating records in 'Counter' table...
2017-01-22 15:55:41,652 [Hangfire.SqlServer.CountersAggregator] Hangfire.SqlServer.CountersAggregator - (null) - Aggregating records in 'Counter' table...
2017-01-22 16:00:41,688 [Hangfire.SqlServer.CountersAggregator] Hangfire.SqlServer.CountersAggregator - (null) - Aggregating records in 'Counter' table...
2017-01-22 16:05:41,725 [Hangfire.SqlServer.CountersAggregator] Hangfire.SqlServer.CountersAggregator - (null) - Aggregating records in 'Counter' table...
2017-01-22 16:10:41,760 [Hangfire.SqlServer.CountersAggregator] Hangfire.SqlServer.CountersAggregator - (null) - Aggregating records in 'Counter' table...
2017-01-22 16:15:41,839 [Hangfire.SqlServer.CountersAggregator] Hangfire.SqlServer.CountersAggregator - (null) - Aggregating records in 'Counter' table...
2017-01-22 16:20:41,875 [Hangfire.SqlServer.CountersAggregator] Hangfire.SqlServer.CountersAggregator - (null) - Aggregating records in 'Counter' table...
2017-01-22 16:20:42,236 [Hangfire.SqlServer.ExpirationManager] Hangfire.SqlServer.ExpirationManager - (null) - Removing outdated records from table 'AggregatedCounter'...
2017-01-22 16:20:42,350 [Hangfire.SqlServer.ExpirationManager] Hangfire.SqlServer.ExpirationManager - (null) - Removing outdated records from table 'Job'...
2017-01-22 16:20:42,454 [Hangfire.SqlServer.ExpirationManager] Hangfire.SqlServer.ExpirationManager - (null) - Removing outdated records from table 'List'...
2017-01-22 16:20:42,560 [Hangfire.SqlServer.ExpirationManager] Hangfire.SqlServer.ExpirationManager - (null) - Removing outdated records from table 'Set'...
2017-01-22 16:20:42,659 [Hangfire.SqlServer.ExpirationManager] Hangfire.SqlServer.ExpirationManager - (null) - Removing outdated records from table 'Hash'...
2017-01-22 16:25:41,912 [Hangfire.SqlServer.CountersAggregator] Hangfire.SqlServer.CountersAggregator - (null) - Aggregating records in 'Counter' table...
2017-01-22 16:30:41,947 [Hangfire.SqlServer.CountersAggregator] Hangfire.SqlServer.CountersAggregator - (null) - Aggregating records in 'Counter' table...
2017-01-22 16:35:41,982 [Hangfire.SqlServer.CountersAggregator] Hangfire.SqlServer.CountersAggregator - (null) - Aggregating records in 'Counter' table...
2017-01-22 16:40:42,029 [Hangfire.SqlServer.CountersAggregator] Hangfire.SqlServer.CountersAggregator - (null) - Aggregating records in 'Counter' table...
2017-01-22 16:45:42,064 [Hangfire.SqlServer.CountersAggregator] Hangfire.SqlServer.CountersAggregator - (null) - Aggregating records in 'Counter' table...
2017-01-22 16:50:42,100 [Hangfire.SqlServer.CountersAggregator] Hangfire.SqlServer.CountersAggregator - (null) - Aggregating records in 'Counter' table...
2017-01-22 16:55:42,137 [Hangfire.SqlServer.CountersAggregator] Hangfire.SqlServer.CountersAggregator - (null) - Aggregating records in 'Counter' table...
2017-01-22 17:00:42,173 [Hangfire.SqlServer.CountersAggregator] Hangfire.SqlServer.CountersAggregator - (null) - Aggregating records in 'Counter' table...
2017-01-22 17:05:42,210 [Hangfire.SqlServer.CountersAggregator] Hangfire.SqlServer.CountersAggregator - (null) - Aggregating records in 'Counter' table...
2017-01-22 17:10:42,249 [Hangfire.SqlServer.CountersAggregator] Hangfire.SqlServer.CountersAggregator - (null) - Aggregating records in 'Counter' table...
2017-01-22 17:15:42,286 [Hangfire.SqlServer.CountersAggregator] Hangfire.SqlServer.CountersAggregator - (null) - Aggregating records in 'Counter' table...
2017-01-22 17:20:42,322 [Hangfire.SqlServer.CountersAggregator] Hangfire.SqlServer.CountersAggregator - (null) - Aggregating records in 'Counter' table...
2017-01-22 17:20:42,753 [Hangfire.SqlServer.ExpirationManager] Hangfire.SqlServer.ExpirationManager - (null) - Removing outdated records from table 'AggregatedCounter'...
2017-01-22 17:20:42,848 [Hangfire.SqlServer.ExpirationManager] Hangfire.SqlServer.ExpirationManager - (null) - Removing outdated records from table 'Job'...
2017-01-22 17:20:42,943 [Hangfire.SqlServer.ExpirationManager] Hangfire.SqlServer.ExpirationManager - (null) - Removing outdated records from table 'List'...
2017-01-22 17:20:43,037 [Hangfire.SqlServer.ExpirationManager] Hangfire.SqlServer.ExpirationManager - (null) - Removing outdated records from table 'Set'...
2017-01-22 17:20:43,132 [Hangfire.SqlServer.ExpirationManager] Hangfire.SqlServer.ExpirationManager - (null) - Removing outdated records from table 'Hash'...
2017-01-22 17:25:42,360 [Hangfire.SqlServer.CountersAggregator] Hangfire.SqlServer.CountersAggregator - (null) - Aggregating records in 'Counter' table...
2017-01-22 17:30:42,398 [Hangfire.SqlServer.CountersAggregator] Hangfire.SqlServer.CountersAggregator - (null) - Aggregating records in 'Counter' table...
2017-01-22 17:35:42,433 [Hangfire.SqlServer.CountersAggregator] Hangfire.SqlServer.CountersAggregator - (null) - Aggregating records in 'Counter' table...
2017-01-22 17:40:42,469 [Hangfire.SqlServer.CountersAggregator] Hangfire.SqlServer.CountersAggregator - (null) - Aggregating records in 'Counter' table...
2017-01-22 17:45:42,519 [Hangfire.SqlServer.CountersAggregator] Hangfire.SqlServer.CountersAggregator - (null) - Aggregating records in 'Counter' table...
2017-01-22 17:50:42,567 [Hangfire.SqlServer.CountersAggregator] Hangfire.SqlServer.CountersAggregator - (null) - Aggregating records in 'Counter' table...
2017-01-22 17:55:42,605 [Hangfire.SqlServer.CountersAggregator] Hangfire.SqlServer.CountersAggregator - (null) - Aggregating records in 'Counter' table...
2017-01-22 18:00:42,651 [Hangfire.SqlServer.CountersAggregator] Hangfire.SqlServer.CountersAggregator - (null) - Aggregating records in 'Counter' table...
2017-01-22 18:05:42,698 [Hangfire.SqlServer.CountersAggregator] Hangfire.SqlServer.CountersAggregator - (null) - Aggregating records in 'Counter' table...
2017-01-22 18:10:42,743 [Hangfire.SqlServer.CountersAggregator] Hangfire.SqlServer.CountersAggregator - (null) - Aggregating records in 'Counter' table...
2017-01-22 18:15:42,780 [Hangfire.SqlServer.CountersAggregator] Hangfire.SqlServer.CountersAggregator - (null) - Aggregating records in 'Counter' table...
