2017-01-16 13:55:24,948 [Worker #744048c8] U.Logging.ULog4netLogger - (null) - 【7290:纪实72小时：多国籍地下市场】【http://movie.douban.com/search/%E5%86%A8%E6%B0%B8%E6%84%9B%28%E6%97%81%E7%99%BD%29】豆瓣影人链接有误请检查
 (null)
System.Exception: 豆瓣影人链接有误请检查
   在 UFilm.Services.Spiders.DoubanSpiderService.CollectFilmManTask(Movie movie, String collectLink, Int32 taskId) 位置 d:\!DotNet项目\UFilms\src\UFilm.Services\Spiders\DoubanSpiderService.cs:行号 689
2017-01-16 13:57:01,856 [Worker #744048c8] U.Logging.ULog4netLogger - (null) - 【7292:喜剧人】【http://movie.douban.com/search/Lewis%20Friedman】豆瓣影人链接有误请检查
 (null)
System.Exception: 豆瓣影人链接有误请检查
   在 UFilm.Services.Spiders.DoubanSpiderService.CollectFilmManTask(Movie movie, String collectLink, Int32 taskId) 位置 d:\!DotNet项目\UFilms\src\UFilm.Services\Spiders\DoubanSpiderService.cs:行号 689
2017-01-16 13:59:22,979 [Worker #68721650] U.Logging.ULog4netLogger - (null) - 【7293:东京漂物语】【http://movie.douban.com/search/%E6%AF%9B%E5%88%A9%E5%AE%89%E5%AD%9D】豆瓣影人链接有误请检查
 (null)
System.Exception: 豆瓣影人链接有误请检查
   在 UFilm.Services.Spiders.DoubanSpiderService.CollectFilmManTask(Movie movie, String collectLink, Int32 taskId) 位置 d:\!DotNet项目\UFilms\src\UFilm.Services\Spiders\DoubanSpiderService.cs:行号 689
2017-01-16 13:59:24,032 [Worker #68721650] U.Logging.ULog4netLogger - (null) - 【7293:东京漂物语】【http://movie.douban.com/search/%E6%9D%91%E7%94%B0%E4%BA%AE】豆瓣影人链接有误请检查
 (null)
System.Exception: 豆瓣影人链接有误请检查
   在 UFilm.Services.Spiders.DoubanSpiderService.CollectFilmManTask(Movie movie, String collectLink, Int32 taskId) 位置 d:\!DotNet项目\UFilms\src\UFilm.Services\Spiders\DoubanSpiderService.cs:行号 689
2017-01-16 13:59:24,815 [Worker #68721650] U.Logging.ULog4netLogger - (null) - 【7293:东京漂物语】【http://movie.douban.com/search/%E4%BA%95%E4%B8%8A%E8%8A%B3%E9%9B%84】豆瓣影人链接有误请检查
 (null)
System.Exception: 豆瓣影人链接有误请检查
   在 UFilm.Services.Spiders.DoubanSpiderService.CollectFilmManTask(Movie movie, String collectLink, Int32 taskId) 位置 d:\!DotNet项目\UFilms\src\UFilm.Services\Spiders\DoubanSpiderService.cs:行号 689
2017-01-16 13:59:25,560 [Worker #68721650] U.Logging.ULog4netLogger - (null) - 【7293:东京漂物语】【http://movie.douban.com/search/%E8%82%98%E4%BA%95%E7%BE%8E%E4%BD%B3】豆瓣影人链接有误请检查
 (null)
System.Exception: 豆瓣影人链接有误请检查
   在 UFilm.Services.Spiders.DoubanSpiderService.CollectFilmManTask(Movie movie, String collectLink, Int32 taskId) 位置 d:\!DotNet项目\UFilms\src\UFilm.Services\Spiders\DoubanSpiderService.cs:行号 689
2017-01-16 13:59:26,217 [Worker #68721650] U.Logging.ULog4netLogger - (null) - 【7293:东京漂物语】【http://movie.douban.com/search/%E3%83%81%E3%83%81%E6%9D%BE%E6%9D%91】豆瓣影人链接有误请检查
 (null)
System.Exception: 豆瓣影人链接有误请检查
   在 UFilm.Services.Spiders.DoubanSpiderService.CollectFilmManTask(Movie movie, String collectLink, Int32 taskId) 位置 d:\!DotNet项目\UFilms\src\UFilm.Services\Spiders\DoubanSpiderService.cs:行号 689
2017-01-16 13:59:26,911 [Worker #68721650] U.Logging.ULog4netLogger - (null) - 【7293:东京漂物语】【http://movie.douban.com/search/%E3%82%AD%E3%83%A0%E3%83%A9%E7%B7%91%E5%AD%90】豆瓣影人链接有误请检查
 (null)
System.Exception: 豆瓣影人链接有误请检查
   在 UFilm.Services.Spiders.DoubanSpiderService.CollectFilmManTask(Movie movie, String collectLink, Int32 taskId) 位置 d:\!DotNet项目\UFilms\src\UFilm.Services\Spiders\DoubanSpiderService.cs:行号 689
2017-01-16 13:59:27,591 [Worker #68721650] U.Logging.ULog4netLogger - (null) - 【7293:东京漂物语】【http://movie.douban.com/search/%E4%BD%90%E4%BC%AF%E6%97%A5%E8%8F%9C%E5%AD%90】豆瓣影人链接有误请检查
 (null)
System.Exception: 豆瓣影人链接有误请检查
   在 UFilm.Services.Spiders.DoubanSpiderService.CollectFilmManTask(Movie movie, String collectLink, Int32 taskId) 位置 d:\!DotNet项目\UFilms\src\UFilm.Services\Spiders\DoubanSpiderService.cs:行号 689
2017-01-16 13:59:28,300 [Worker #68721650] U.Logging.ULog4netLogger - (null) - 【7293:东京漂物语】【http://movie.douban.com/search/%E6%B0%B4%E6%A9%8B%E7%A0%94%E4%BA%8C】豆瓣影人链接有误请检查
 (null)
System.Exception: 豆瓣影人链接有误请检查
   在 UFilm.Services.Spiders.DoubanSpiderService.CollectFilmManTask(Movie movie, String collectLink, Int32 taskId) 位置 d:\!DotNet项目\UFilms\src\UFilm.Services\Spiders\DoubanSpiderService.cs:行号 689
2017-01-16 13:59:28,977 [Worker #68721650] U.Logging.ULog4netLogger - (null) - 【7293:东京漂物语】【http://movie.douban.com/search/%E6%B2%B3%E4%BA%95%E9%9D%92%E8%91%89】豆瓣影人链接有误请检查
 (null)
System.Exception: 豆瓣影人链接有误请检查
   在 UFilm.Services.Spiders.DoubanSpiderService.CollectFilmManTask(Movie movie, String collectLink, Int32 taskId) 位置 d:\!DotNet项目\UFilms\src\UFilm.Services\Spiders\DoubanSpiderService.cs:行号 689
2017-01-16 13:59:29,658 [Worker #68721650] U.Logging.ULog4netLogger - (null) - 【7293:东京漂物语】【http://movie.douban.com/search/%E5%8D%A0%E9%83%A8%E6%88%BF%E5%AD%90】豆瓣影人链接有误请检查
 (null)
System.Exception: 豆瓣影人链接有误请检查
   在 UFilm.Services.Spiders.DoubanSpiderService.CollectFilmManTask(Movie movie, String collectLink, Int32 taskId) 位置 d:\!DotNet项目\UFilms\src\UFilm.Services\Spiders\DoubanSpiderService.cs:行号 689
2017-01-16 13:59:30,339 [Worker #68721650] U.Logging.ULog4netLogger - (null) - 【7293:东京漂物语】【http://movie.douban.com/search/%E5%BE%B3%E4%BA%95%E5%84%AA】豆瓣影人链接有误请检查
 (null)
System.Exception: 豆瓣影人链接有误请检查
   在 UFilm.Services.Spiders.DoubanSpiderService.CollectFilmManTask(Movie movie, String collectLink, Int32 taskId) 位置 d:\!DotNet项目\UFilms\src\UFilm.Services\Spiders\DoubanSpiderService.cs:行号 689
2017-01-16 13:59:31,024 [Worker #68721650] U.Logging.ULog4netLogger - (null) - 【7293:东京漂物语】【http://movie.douban.com/search/%E6%B1%9F%E5%8F%A3%E3%81%AE%E3%82%8A%E3%81%93】豆瓣影人链接有误请检查
 (null)
System.Exception: 豆瓣影人链接有误请检查
   在 UFilm.Services.Spiders.DoubanSpiderService.CollectFilmManTask(Movie movie, String collectLink, Int32 taskId) 位置 d:\!DotNet项目\UFilms\src\UFilm.Services\Spiders\DoubanSpiderService.cs:行号 689
2017-01-16 13:59:32,441 [Worker #68721650] U.Logging.ULog4netLogger - (null) - 【7293:东京漂物语】【http://movie.douban.com/search/%E5%85%AB%E5%B6%8B%E6%99%BA%E4%BA%BA】豆瓣影人链接有误请检查
 (null)
System.Exception: 豆瓣影人链接有误请检查
   在 UFilm.Services.Spiders.DoubanSpiderService.CollectFilmManTask(Movie movie, String collectLink, Int32 taskId) 位置 d:\!DotNet项目\UFilms\src\UFilm.Services\Spiders\DoubanSpiderService.cs:行号 689
